<?xml version="1.0" encoding="UTF-8"?>
<!-- Generated by org.testng.reporters.JUnitReportReporter -->
<testsuite skipped="0" hostname="bittechs-imac-3.lan" name="com.ReadData" tests="1" failures="0" timestamp="01 May 2019 23:06:57 GMT" time="0.029" errors="0">
  <testcase name="readTxt" time="0.029" classname="com.ReadData"/>
</testsuite> <!-- com.ReadData -->
