<?xml version="1.0" encoding="UTF-8"?>
<!-- Generated by org.testng.reporters.JUnitReportReporter -->
<testsuite skipped="0" hostname="bittechs-imac-3.lan" name="com.bit.test.SmokeTest" tests="2" failures="0" timestamp="25 Apr 2019 00:07:12 GMT" time="5.796" errors="0">
  <testcase name="m1" time="3.038" classname="com.bit.test.SmokeTest"/>
  <testcase name="m1" time="2.758" classname="com.bit.test.SmokeTest"/>
</testsuite> <!-- com.bit.test.SmokeTest -->
