<?xml version="1.0" encoding="UTF-8"?>
<!-- Generated by org.testng.reporters.JUnitReportReporter -->
<testsuite skipped="0" hostname="bittechs-imac-3.lan" name="com.ReadData" tests="2" failures="0" timestamp="24 Apr 2019 22:24:34 GMT" time="0.009" errors="0">
  <testcase name="fjhg" time="0.008" classname="com.ReadData"/>
  <testcase name="fjhg" time="0.001" classname="com.ReadData"/>
</testsuite> <!-- com.ReadData -->
